<?xml version="1.0" encoding="UTF-8"?>
<testsuite name="AppTest" tests="1" skipped="0" failures="0" errors="0" timestamp="2014-10-11T21:40:35" hostname="scala" time="0.093">
  <properties/>
  <testcase name="First Test: App.m1" classname="AppTest" time="0.093"/>
  <system-out><![CDATA[Hello, World!
]]></system-out>
  <system-err><![CDATA[]]></system-err>
</testsuite>
