<?xml version="1.0" encoding="UTF-8"?>
<testsuite name="U_CefLog_Tests" tests="2" skipped="0" failures="0" errors="0" timestamp="2015-05-10T19:01:33" hostname="scala" time="0.0">
  <properties/>
  <testcase name="01 CefLog_Tests: test each of the static CefLog functions" classname="U_CefLog_Tests" time="0.0"/>
  <testcase name="02 CefLog_Tests: check files/folders exist" classname="U_CefLog_Tests" time="0.0"/>
  <system-out><![CDATA[This is an Error Message
This is a Warning Message
  Stage #1 info
  Stage #2 info
  Stage #3 info
  Stage #4 info
  Stage #5 info
    Stage #1 info                                                                                   TRUE
    Stage #2 info                                                                                   false
  Stage #3 info
    Stage #4 info                                                                                   1234
    Stage #5 info                                                                                   Yo!
This is a stage top message
This is an Error Message
This is a Warning Message
  Stage #1 info
  Stage #2 info
  Stage #3 info
  Stage #4 info
  Stage #5 info
    Stage #1 info                                                                                   TRUE
    Stage #2 info                                                                                   false
  Stage #3 info
    Stage #4 info                                                                                   1234
    Stage #5 info                                                                                   Yo!
This is a stage top message
]]></system-out>
  <system-err><![CDATA[]]></system-err>
</testsuite>
