<?xml version="1.0" encoding="UTF-8"?>
<testsuite name="AppTest" tests="2" skipped="0" failures="0" errors="0" timestamp="2015-02-11T23:01:14" hostname="scala" time="0.781">
  <properties/>
  <testcase name="First Test: App.m1" classname="AppTest" time="0.094"/>
  <testcase name="Second Test (args): App.stages" classname="AppTest" time="0.687"/>
  <system-out><![CDATA[Hello, World!

CEF Filename:
	C:/_CEF_CEH_EXAMPLES_2013_VALIDATOR_/CEF/EDI/C3_CP_EDI_EGD__20111009_V01.cef.gz

Search Folders:
	C:/_CEF_CEH_EXAMPLES_2013_VALIDATOR_/CEF/_TEST_SAMPLES/MULTI_LEVEL_INCLUDES
	C:/_CEF_CEH_EXAMPLES_2013_VALIDATOR_/HEADERS
	C:/_CEF_CEH_EXAMPLES_2013_VALIDATOR_/HEADERS/EDI
	C:/_CEF_CEH_EXAMPLES_2013_VALIDATOR_/HEADERS/EFW
	C:/_CEF_CEH_EXAMPLES_2013_VALIDATOR_/HEADERS/PEACE
Data: !
writeTextFile: nodes.txt
writeTextFile: nodes.xml
writeTextFile: nodes.json
XX RulesSet01::run() XX
Zz RulesSet01::test() zZ
XX RulesSet02::run() XX
]]></system-out>
  <system-err><![CDATA[]]></system-err>
</testsuite>
