<?xml version="1.0" encoding="UTF-8"?>
<testsuite name="RuleSet00_Tests" tests="17" skipped="0" failures="0" errors="0" timestamp="2015-05-04T21:08:07" hostname="scala" time="0.319">
  <properties/>
  <testcase name="R_0_00___START_META___META_UNCLOSED" classname="RuleSet00_Tests" time="0.015"/>
  <testcase name="R_0_01___START_META___VARIABLE_UNCLOSED" classname="RuleSet00_Tests" time="0.032"/>
  <testcase name="R_0_02___START_META___NAME_ERROR" classname="RuleSet00_Tests" time="0.015"/>
  <testcase name="R_0_10___END_META___VARIABLE_OPENED" classname="RuleSet00_Tests" time="0.016"/>
  <testcase name="R_0_11___END_META___META_UNOPENED" classname="RuleSet00_Tests" time="0.016"/>
  <testcase name="R_0_12___END_META___NAME_ERROR" classname="RuleSet00_Tests" time="0.015"/>
  <testcase name="R_0_20___START_VARIABLE___VARIABLE_UNCLOSED" classname="RuleSet00_Tests" time="0.016"/>
  <testcase name="R_0_21___START_VARIABLE___META_UNCLOSED" classname="RuleSet00_Tests" time="0.015"/>
  <testcase name="R_0_22___START_VARIABLE___NAME_ERROR" classname="RuleSet00_Tests" time="0.016"/>
  <testcase name="R_0_30___END_VARIABLE___META_OPENED" classname="RuleSet00_Tests" time="0.016"/>
  <testcase name="R_0_31___END_VARIABLE___VARIABLE_UNOPENED" classname="RuleSet00_Tests" time="0.015"/>
  <testcase name="R_0_32___END_VARIABLE___NAME_ERROR" classname="RuleSet00_Tests" time="0.032"/>
  <testcase name="R_0_40___INCLUDE_FILE_DUPLICATE" classname="RuleSet00_Tests" time="0.015"/>
  <testcase name="R_0_41___INCLUDE_FILE_UNFOUND" classname="RuleSet00_Tests" time="0.0"/>
  <testcase name="R_0_42___INCLUDE_FILE_LEVEL_8" classname="RuleSet00_Tests" time="0.069"/>
  <testcase name="R_0_50___MALFORMED_READ_LINE" classname="RuleSet00_Tests" time="0.016"/>
  <testcase name="R_0_51___MALFORMED_STRING_QUOTES" classname="RuleSet00_Tests" time="0.0"/>
  <system-out><![CDATA[Stage 1: 
  CEF Filename:
    C:\work.dev\2015.03.22 github cef pass v2\v0\cef-pass\app\build\resources\test\R_0_00___START_META___META_UNCLOSED\C3_CP_EDI_EGD__20111009_V01.cefOK
  Search Folders:
    C:\work.dev\2015.03.22 github cef pass v2\v0\cef-pass\app\build\resources\test\R_0_00___START_META___META_UNCLOSEDOK
Stage 2: 
Stage 1: 
  CEF Filename:
    C:\work.dev\2015.03.22 github cef pass v2\v0\cef-pass\app\build\resources\test\R_0_01___START_META___VARIABLE_UNCLOSED\C3_CP_EDI_EGD__20111009_V01.cefOK
  Search Folders:
    C:\work.dev\2015.03.22 github cef pass v2\v0\cef-pass\app\build\resources\test\R_0_01___START_META___VARIABLE_UNCLOSEDOK
Stage 2: 
R_0_01___START_META___VARIABLE_UNCLOSED
Stage 1: 
  CEF Filename:
    C:\work.dev\2015.03.22 github cef pass v2\v0\cef-pass\app\build\resources\test\R_0_02___START_META___NAME_ERROR\C3_CP_EDI_EGD__20111009_V01.cefOK
  Search Folders:
    C:\work.dev\2015.03.22 github cef pass v2\v0\cef-pass\app\build\resources\test\R_0_02___START_META___NAME_ERROROK
Stage 2: 
Stage 1: 
  CEF Filename:
    C:\work.dev\2015.03.22 github cef pass v2\v0\cef-pass\app\build\resources\test\R_0_10___END_META___VARIABLE_OPENED\C3_CP_EDI_EGD__20111009_V01.cefOK
  Search Folders:
    C:\work.dev\2015.03.22 github cef pass v2\v0\cef-pass\app\build\resources\test\R_0_10___END_META___VARIABLE_OPENEDOK
Stage 2: 
Stage 1: 
  CEF Filename:
    C:\work.dev\2015.03.22 github cef pass v2\v0\cef-pass\app\build\resources\test\R_0_11___END_META___META_UNOPENED\C3_CP_EDI_EGD__20111009_V01.cefOK
  Search Folders:
    C:\work.dev\2015.03.22 github cef pass v2\v0\cef-pass\app\build\resources\test\R_0_11___END_META___META_UNOPENEDOK
Stage 2: 
Stage 1: 
  CEF Filename:
    C:\work.dev\2015.03.22 github cef pass v2\v0\cef-pass\app\build\resources\test\R_0_12___END_META___NAME_ERROR\C3_CP_EDI_EGD__20111009_V01.cefOK
  Search Folders:
    C:\work.dev\2015.03.22 github cef pass v2\v0\cef-pass\app\build\resources\test\R_0_12___END_META___NAME_ERROROK
Stage 2: 
Stage 1: 
  CEF Filename:
    C:\work.dev\2015.03.22 github cef pass v2\v0\cef-pass\app\build\resources\test\R_0_20___START_VARIABLE___VARIABLE_UNCLOSED\C3_CP_EDI_EGD__20111009_V01.cefOK
  Search Folders:
    C:\work.dev\2015.03.22 github cef pass v2\v0\cef-pass\app\build\resources\test\R_0_20___START_VARIABLE___VARIABLE_UNCLOSEDOK
Stage 2: 
Stage 1: 
  CEF Filename:
    C:\work.dev\2015.03.22 github cef pass v2\v0\cef-pass\app\build\resources\test\R_0_21___START_VARIABLE___META_UNCLOSED\C3_CP_EDI_EGD__20111009_V01.cefOK
  Search Folders:
    C:\work.dev\2015.03.22 github cef pass v2\v0\cef-pass\app\build\resources\test\R_0_21___START_VARIABLE___META_UNCLOSEDOK
Stage 2: 
Stage 1: 
  CEF Filename:
    C:\work.dev\2015.03.22 github cef pass v2\v0\cef-pass\app\build\resources\test\R_0_22___START_VARIABLE___NAME_ERROR\C3_CP_EDI_EGD__20111009_V01.cefOK
  Search Folders:
    C:\work.dev\2015.03.22 github cef pass v2\v0\cef-pass\app\build\resources\test\R_0_22___START_VARIABLE___NAME_ERROROK
Stage 2: 
Stage 1: 
  CEF Filename:
    C:\work.dev\2015.03.22 github cef pass v2\v0\cef-pass\app\build\resources\test\R_0_30___END_VARIABLE___META_OPENED\C3_CP_EDI_EGD__20111009_V01.cefOK
  Search Folders:
    C:\work.dev\2015.03.22 github cef pass v2\v0\cef-pass\app\build\resources\test\R_0_30___END_VARIABLE___META_OPENEDOK
Stage 2: 
Stage 1: 
  CEF Filename:
    C:\work.dev\2015.03.22 github cef pass v2\v0\cef-pass\app\build\resources\test\R_0_31___END_VARIABLE___VARIABLE_UNOPENED\C3_CP_EDI_EGD__20111009_V01.cefOK
  Search Folders:
    C:\work.dev\2015.03.22 github cef pass v2\v0\cef-pass\app\build\resources\test\R_0_31___END_VARIABLE___VARIABLE_UNOPENEDOK
Stage 2: 
Stage 1: 
  CEF Filename:
    C:\work.dev\2015.03.22 github cef pass v2\v0\cef-pass\app\build\resources\test\R_0_32___END_VARIABLE___NAME_ERROR\C3_CP_EDI_EGD__20111009_V01.cefOK
  Search Folders:
    C:\work.dev\2015.03.22 github cef pass v2\v0\cef-pass\app\build\resources\test\R_0_32___END_VARIABLE___NAME_ERROROK
Stage 2: 
Stage 1: 
  CEF Filename:
    C:\work.dev\2015.03.22 github cef pass v2\v0\cef-pass\app\build\resources\test\R_0_40___INCLUDE_FILE_DUPLICATE\C3_CP_EDI_EGD__20111009_V01.cefOK
  Search Folders:
    C:\work.dev\2015.03.22 github cef pass v2\v0\cef-pass\app\build\resources\test\R_0_40___INCLUDE_FILE_DUPLICATEOK
Stage 2: 
Stage 1: 
  CEF Filename:
    C:\work.dev\2015.03.22 github cef pass v2\v0\cef-pass\app\build\resources\test\R_0_41___INCLUDE_FILE_UNFOUND\C3_CP_EDI_EGD__20111009_V01.cefOK
  Search Folders:
    C:\work.dev\2015.03.22 github cef pass v2\v0\cef-pass\app\build\resources\test\R_0_41___INCLUDE_FILE_UNFOUNDOK
Stage 2: 
Stage 1: 
  CEF Filename:
    C:\work.dev\2015.03.22 github cef pass v2\v0\cef-pass\app\build\resources\test\R_0_42___INCLUDE_FILE_LEVEL_8\C3_CP_EDI_EGD__20111009_V01.cefOK
  Search Folders:
    C:\work.dev\2015.03.22 github cef pass v2\v0\cef-pass\app\build\resources\test\R_0_42___INCLUDE_FILE_LEVEL_8OK
Stage 2: 
Stage 1: 
  CEF Filename:
    C:\work.dev\2015.03.22 github cef pass v2\v0\cef-pass\app\build\resources\test\R_0_50___MALFORMED_READ_LINE\C3_CP_EDI_EGD__20111009_V01.cefOK
  Search Folders:
    C:\work.dev\2015.03.22 github cef pass v2\v0\cef-pass\app\build\resources\test\R_0_50___MALFORMED_READ_LINEOK
Stage 2: 
Stage 1: 
  CEF Filename:
    C:\work.dev\2015.03.22 github cef pass v2\v0\cef-pass\app\build\resources\test\R_0_51___MALFORMED_STRING_QUOTES\C3_CP_EDI_EGD__20111009_V01.cefOK
  Search Folders:
    C:\work.dev\2015.03.22 github cef pass v2\v0\cef-pass\app\build\resources\test\R_0_51___MALFORMED_STRING_QUOTESOK
Stage 2: 
]]></system-out>
  <system-err><![CDATA[]]></system-err>
</testsuite>
