<?xml version="1.0" encoding="UTF-8"?>
<testsuite name="CmdLnArgs_UnitTests" tests="2" skipped="0" failures="0" errors="0" timestamp="2015-05-10T00:26:27" hostname="scala" time="0.0">
  <properties/>
  <testcase name="Test 001 Plain cef file" classname="CmdLnArgs_UnitTests" time="0.0"/>
  <testcase name="Test 002 cef.gz file" classname="CmdLnArgs_UnitTests" time="0.0"/>
  <system-out><![CDATA[  CEF Filename:
    R_1_00___FILENAME_MUST_EXIST/C3_CP_EDI_EGD__20111009_V01.cef                                    NOT FOUND
+ = + + = + + = + + = + + = + + = + + = + 
C3_CP_EDI_EGD__20111009_V01.cef
C3_CP_EDI_EGD__20111009_V01.cef
+ = + + = + + = + + = + + = + + = + + = + 
  CEF Filename:
    R_1_00___FILENAME_MUST_EXIST/C3_CP_EDI_EGD__20111009_V01.cef.gz                                 NOT FOUND
+ = + + = + + = + + = + + = + + = + + = + 
C3_CP_EDI_EGD__20111009_V01.cef
C3_CP_EDI_EGD__20111009_V01.cef
+ = + + = + + = + + = + + = + + = + + = + 
]]></system-out>
  <system-err><![CDATA[]]></system-err>
</testsuite>
