<?xml version="1.0" encoding="UTF-8"?>
<testsuite name="AppTest" tests="2" skipped="0" failures="0" errors="0" timestamp="2015-03-22T22:39:10" hostname="scala" time="0.617">
  <properties/>
  <testcase name="First Test: App.m1" classname="AppTest" time="0.094"/>
  <testcase name="Second Test (args): App.stages" classname="AppTest" time="0.523"/>
  <system-out><![CDATA[Hello, World!

CEF Filename:
	C:/_CEF_CEH_EXAMPLES_2013_VALIDATOR_/CEF/EDI/C3_CP_EDI_EGD__20111009_V01.cef.gz

Search Folders:
	C:/_CEF_CEH_EXAMPLES_2013_VALIDATOR_/CEF/_TEST_SAMPLES/MULTI_LEVEL_INCLUDES
	C:/_CEF_CEH_EXAMPLES_2013_VALIDATOR_/HEADERS
	C:/_CEF_CEH_EXAMPLES_2013_VALIDATOR_/HEADERS/EDI
	C:/_CEF_CEH_EXAMPLES_2013_VALIDATOR_/HEADERS/EFW
	C:/_CEF_CEH_EXAMPLES_2013_VALIDATOR_/HEADERS/PEACE
############ cefpass.LogsC:/work.dev/2014.09.27.github.cef.pass.v2/cef-pass/logs
Data: !
** ** ** ** writeTextFile: nodes.txt
** ++ == ** writeTextFilePath: C:/work.dev/2014.09.27.github.cef.pass.v2/cef-pass/logs/2015-03-22.950485\nodes.txt
** ** ** ** writeTextFile: nodes.xml
** ++ == ** writeTextFilePath: C:/work.dev/2014.09.27.github.cef.pass.v2/cef-pass/logs/2015-03-22.950485\nodes.xml
RuleSets::run()
ERROR!! :: RuleSets::run()
]]></system-out>
  <system-err><![CDATA[]]></system-err>
</testsuite>
