<?xml version="1.0" encoding="UTF-8"?>
<testsuite name="U_CefParser_Tests" tests="18" skipped="0" failures="0" errors="0" timestamp="2015-06-16T20:50:36" hostname="scala" time="0.014">
  <properties/>
  <testcase name="RS0_CefParserException.Error.NO_ERROR" classname="U_CefParser_Tests" time="0.001"/>
  <testcase name="RS0_CefParserException.Error.R_0_00___START_META___META_UNCLOSED" classname="U_CefParser_Tests" time="0.0"/>
  <testcase name="RS0_CefParserException.Error.R_0_01___START_META___VARIABLE_UNCLOSED" classname="U_CefParser_Tests" time="0.001"/>
  <testcase name="RS0_CefParserException.Error.R_0_02___START_META___NAME_ERROR" classname="U_CefParser_Tests" time="0.0"/>
  <testcase name="RS0_CefParserException.Error.R_0_10___END_META___VARIABLE_OPENED" classname="U_CefParser_Tests" time="0.001"/>
  <testcase name="RS0_CefParserException.Error.R_0_11___END_META___META_UNOPENED" classname="U_CefParser_Tests" time="0.0"/>
  <testcase name="RS0_CefParserException.Error.R_0_12___END_META___NAME_ERROR" classname="U_CefParser_Tests" time="0.001"/>
  <testcase name="RS0_CefParserException.Error.R_0_20___START_VARIABLE___VARIABLE_UNCLOSED" classname="U_CefParser_Tests" time="0.0"/>
  <testcase name="RS0_CefParserException.Error.R_0_21___START_VARIABLE___META_UNCLOSED" classname="U_CefParser_Tests" time="0.002"/>
  <testcase name="RS0_CefParserException.Error.R_0_22___START_VARIABLE___NAME_ERROR" classname="U_CefParser_Tests" time="0.0"/>
  <testcase name="RS0_CefParserException.Error.R_0_30___END_VARIABLE___META_OPENED" classname="U_CefParser_Tests" time="0.001"/>
  <testcase name="RS0_CefParserException.Error.R_0_31___END_VARIABLE___VARIABLE_UNOPENED" classname="U_CefParser_Tests" time="0.0"/>
  <testcase name="RS0_CefParserException.Error.R_0_32___END_VARIABLE___NAME_ERROR" classname="U_CefParser_Tests" time="0.001"/>
  <testcase name="RS0_CefParserException.Error.R_0_40___INCLUDE_FILE_DUPLICATE" classname="U_CefParser_Tests" time="0.0"/>
  <testcase name="RS0_CefParserException.Error.R_0_41___INCLUDE_FILE_UNFOUND" classname="U_CefParser_Tests" time="0.001"/>
  <testcase name="RS0_CefParserException.Error.R_0_42___INCLUDE_FILE_LEVEL_8" classname="U_CefParser_Tests" time="0.002"/>
  <testcase name="RS0_CefParserException.Error.R_0_50___MALFORMED_READ_LINE" classname="U_CefParser_Tests" time="0.001"/>
  <testcase name="RS0_CefParserException.Error.R_0_51___MALFORMED_STRING_QUOTES" classname="U_CefParser_Tests" time="0.001"/>
  <system-out><![CDATA[]]></system-out>
  <system-err><![CDATA[]]></system-err>
</testsuite>
