<?xml version="1.0" encoding="UTF-8"?>
<testsuite name="I_AppTest" tests="1" skipped="0" failures="0" errors="0" timestamp="2015-06-09T20:13:46" hostname="scala" time="0.865">
  <properties/>
  <testcase name="First Test (args): App.stages" classname="I_AppTest" time="0.865"/>
  <system-out><![CDATA[Stage 1: 
  CEF Filename:
    C:/_CEF_CEH_EXAMPLES_2013_VALIDATOR_/CEF/EDI/C3_CP_EDI_EGD__20111009_V01.cef                    OK
  Search Folders:
    C:/_CEF_CEH_EXAMPLES_2013_VALIDATOR_/CEF/_TEST_SAMPLES/MULTI_LEVEL_INCLUDES                     OK
    C:/_CEF_CEH_EXAMPLES_2013_VALIDATOR_/HEADERS                                                    OK
    C:/_CEF_CEH_EXAMPLES_2013_VALIDATOR_/HEADERS/EDI                                                OK
    C:/_CEF_CEH_EXAMPLES_2013_VALIDATOR_/HEADERS/EFW                                                OK
    C:/_CEF_CEH_EXAMPLES_2013_VALIDATOR_/HEADERS/PEACE                                              OK
Stage 2: 
    Rule: 0.00          Check START_META when previous START_META is open                           OK
    Rule: 0.01          Check START_META when previous START_VARIABLE is open                       OK
    Rule: 0.02          Check START_META for name erros                                             OK
    Rule: 0.10          Check END_META when previous START_VARIABLE is open                         OK
    Rule: 0.11          Check END_META when no previous START_META                                  OK
    Rule: 0.12          Check END_META for name erros                                               OK
    Rule: 0.20          Check START_VARIABLE when previous START_VARIABLE is open                   OK
    Rule: 0.21          Check START_VARIABLE when previous START_META is open                       OK
    Rule: 0.22          Check START_VARIABLE for name erros                                         OK
    Rule: 0.30          Check END_VARIABLE when previous START_META is open                         OK
    Rule: 0.31          Check END_VARIABLE when no previous START_VARIABLE                          OK
    Rule: 0.32          Check END_VARIABLE for name erros                                           OK
    Rule: 0.40          Check INCLUDE_FILE duplicates                                               OK
    Rule: 0.41          Check INCLUDE_FILE not found                                                OK
    Rule: 0.42          Check INCLUDE_FILE nested LEVELS > 8                                        OK
    Rule: 0.50          Check READ_LINE malformed (e.g. missing = )                                 OK
    Rule: 0.50          Check STRING QUOTES mismatch                                                OK
Stage 3: 
    Placeholder                                                                                     Skipped
Stage 4: 
  
  RS1_GlobalAttributes
    Rule: 1.00          Check FILE_NAME attribute must exist                                        OK
    Rule: 1.01          Check FILE_NAME attribute value matches actual Filename                     OK
    Rule: 1.02          Check FILE_FORMAT_VERSION attribute must exist                              OK
    Rule: 1.03          Check END_OF_RECORD_MARKER attribute must exist (may be blank??)            OK
  
  RS2_MetaObjects
    Rule: 2.01          Check METADATA must have ENTRY = field                                      TODO
    Rule: 2.02          Check if METADATA VALUE_TYPE provided, ENTRY value must be of type          TODO
    Rule: 2.03          Check REQUIRED VARIABLES (below) XXXXXXXXXX WTF XXXXXXXXXX ???????????      TODO
    Rule: 2.04          Check FILE_TYPE must be cef                                                 OK
    Rule: 2.05          Check DATASET_VERSION must be valid integer                                 TODO
    Rule: 2.06          Check LOGICAL_FILE_ID is same as Filename without extension                 TODO
    Rule: 2.07          Check VERSION_NUMBER must match version number in filename                  TODO
    Rule: 2.08          Check VERSION_NUMBER must be valid integer                                  TODO
    Rule: 2.09          Check FILE_TIME_SPAN must be ISO_TIME_RANGE                                 TODO
    Rule: 2.10          Check FILE_TIME_SPAN, START_TIME must be before STOP TIME                   TODO
    Rule: 2.11          Check Data Records Timestamp must be with FILE_TIME_SPAN                    TODO
Stage 5: 
]]></system-out>
  <system-err><![CDATA[]]></system-err>
</testsuite>
