<?xml version="1.0" encoding="UTF-8"?>
<testsuite name="CefHeaderNodesNEW_Test" tests="1" skipped="0" failures="0" errors="0" timestamp="2015-04-04T00:00:51" hostname="scala" time="0.047">
  <properties/>
  <testcase name="01 CefHeaderNodesNEW_Tests: create and merge 2 x CefHeaderNodesNEW" classname="CefHeaderNodesNEW_Test" time="0.047"/>
  <system-out><![CDATA[]]></system-out>
  <system-err><![CDATA[]]></system-err>
</testsuite>
