<?xml version="1.0" encoding="UTF-8"?>
<testsuite name="AppTest" tests="1" skipped="0" failures="0" errors="0" timestamp="2015-05-04T16:09:59" hostname="scala" time="0.82">
  <properties/>
  <testcase name="Second Test (args): App.stages" classname="AppTest" time="0.82"/>
  <system-out><![CDATA[Stage 1: 
  CEF Filename:
    C:/_CEF_CEH_EXAMPLES_2013_VALIDATOR_/CEF/EDI/C3_CP_EDI_EGD__20111009_V01.cef.gz                 OK
  Search Folders:
    C:/_CEF_CEH_EXAMPLES_2013_VALIDATOR_/CEF/_TEST_SAMPLES/MULTI_LEVEL_INCLUDES                     OK
    C:/_CEF_CEH_EXAMPLES_2013_VALIDATOR_/HEADERS                                                    OK
    C:/_CEF_CEH_EXAMPLES_2013_VALIDATOR_/HEADERS/EDI                                                OK
    C:/_CEF_CEH_EXAMPLES_2013_VALIDATOR_/HEADERS/EFW                                                OK
    C:/_CEF_CEH_EXAMPLES_2013_VALIDATOR_/HEADERS/PEACE                                              OK
Stage 2: 
Stage 3: 
Stage 4: 
  
  RuleSet01
    Rule: 1.01          Name of file on disk equals FILE_NAME                                       SKIPPED
    Rule: 1.00          Must exist                                                                  SKIPPED
    Rule: 1.02          Must exist                                                                  SKIPPED
    Rule: 1.03          Must exist BUT may be blank                                                 SKIPPED
    Rule: 1.04          All include files must exist                                                SKIPPED
  
  RuleSet02
    Rule: 2.01          Must have ENTRY= field                                                      SKIPPED
    Rule: 2.02          If VALUE_TYPE provided, value must be of type indicated                     SKIPPED
    Rule: 2.03          REQUIRED VARIABLES (below)                                                  SKIPPED
    Rule: 2.04          must be cef                                                                 SKIPPED
    Rule: 2.05          must be valid integer                                                       SKIPPED
    Rule: 2.06          Same as Filename without extension                                          SKIPPED
    Rule: 2.07          VERSION_NUMBER must match version number in filename                        SKIPPED
    Rule: 2.08          must be valid integer                                                       SKIPPED
    Rule: 2.09          must be ISO_TIME_RANGE                                                      SKIPPED
    Rule: 2.10          START_TIME must be before STOP TIME                                         SKIPPED
    Rule: 2.11          Timespan of data RECORDS must be between FILE_TIME_SPAN                     SKIPPED
Stage 5: 
]]></system-out>
  <system-err><![CDATA[]]></system-err>
</testsuite>
