<?xml version="1.0" encoding="UTF-8"?>
<testsuite name="I_RS2_MetaObjects_Tests" tests="2" skipped="0" failures="0" errors="0" timestamp="2015-06-16T20:50:35" hostname="scala" time="0.062">
  <properties/>
  <testcase name="R_2_00___MUST_HAVE_ENTRY" classname="I_RS2_MetaObjects_Tests" time="0.031"/>
  <testcase name="R_2_04___FILE_TYPE_MUST_BE_CEF" classname="I_RS2_MetaObjects_Tests" time="0.031"/>
  <system-out><![CDATA[Stage 1: 
  CEF Filename:
    C:\work.dev\2015.03.22 github cef pass v2\v0\cef-pass\app\build\resources\test\R_2_00___MUST_HAVE_ENTRY\C3_CP_EDI_EGD__20111009_V01.cefOK
  Search Folders:
    C:\work.dev\2015.03.22 github cef pass v2\v0\cef-pass\app\build\resources\test\R_2_00___MUST_HAVE_ENTRYOK
Stage 2: 
    Rule: 0.00          Check START_META when previous START_META is open                           OK
    Rule: 0.01          Check START_META when previous START_VARIABLE is open                       OK
    Rule: 0.02          Check START_META for name erros                                             OK
    Rule: 0.10          Check END_META when previous START_VARIABLE is open                         OK
    Rule: 0.11          Check END_META when no previous START_META                                  OK
    Rule: 0.12          Check END_META for name erros                                               OK
    Rule: 0.20          Check START_VARIABLE when previous START_VARIABLE is open                   OK
    Rule: 0.21          Check START_VARIABLE when previous START_META is open                       OK
    Rule: 0.22          Check START_VARIABLE for name erros                                         OK
    Rule: 0.30          Check END_VARIABLE when previous START_META is open                         OK
    Rule: 0.31          Check END_VARIABLE when no previous START_VARIABLE                          OK
    Rule: 0.32          Check END_VARIABLE for name erros                                           OK
    Rule: 0.40          Check INCLUDE_FILE duplicates                                               OK
    Rule: 0.41          Check INCLUDE_FILE not found                                                OK
    Rule: 0.42          Check INCLUDE_FILE nested LEVELS > 8                                        OK
    Rule: 0.50          Check READ_LINE malformed (e.g. missing = )                                 OK
    Rule: 0.50          Check STRING QUOTES mismatch                                                OK
Stage 3: 
    Placeholder                                                                                     Skipped
Stage 4: 
  
  RS1_GlobalAttributes
    Rule: 1.00          Check FILE_NAME attribute must exist                                        OK
    Rule: 1.01          Check FILE_NAME attribute value matches actual Filename                     OK
    Rule: 1.02          Check FILE_FORMAT_VERSION attribute must exist                              OK
    Rule: 1.03          Check END_OF_RECORD_MARKER attribute must exist (may be blank??)            OK
  
  RS2_MetaObjects
Stage 1: 
  CEF Filename:
    C:\work.dev\2015.03.22 github cef pass v2\v0\cef-pass\app\build\resources\test\R_2_04___FILE_TYPE_MUST_BE_CEF\C3_CP_EDI_EGD__20111009_V01.cefOK
  Search Folders:
    C:\work.dev\2015.03.22 github cef pass v2\v0\cef-pass\app\build\resources\test\R_2_04___FILE_TYPE_MUST_BE_CEFOK
Stage 2: 
    Rule: 0.00          Check START_META when previous START_META is open                           OK
    Rule: 0.01          Check START_META when previous START_VARIABLE is open                       OK
    Rule: 0.02          Check START_META for name erros                                             OK
    Rule: 0.10          Check END_META when previous START_VARIABLE is open                         OK
    Rule: 0.11          Check END_META when no previous START_META                                  OK
    Rule: 0.12          Check END_META for name erros                                               OK
    Rule: 0.20          Check START_VARIABLE when previous START_VARIABLE is open                   OK
    Rule: 0.21          Check START_VARIABLE when previous START_META is open                       OK
    Rule: 0.22          Check START_VARIABLE for name erros                                         OK
    Rule: 0.30          Check END_VARIABLE when previous START_META is open                         OK
    Rule: 0.31          Check END_VARIABLE when no previous START_VARIABLE                          OK
    Rule: 0.32          Check END_VARIABLE for name erros                                           OK
    Rule: 0.40          Check INCLUDE_FILE duplicates                                               OK
    Rule: 0.41          Check INCLUDE_FILE not found                                                OK
    Rule: 0.42          Check INCLUDE_FILE nested LEVELS > 8                                        OK
    Rule: 0.50          Check READ_LINE malformed (e.g. missing = )                                 OK
    Rule: 0.50          Check STRING QUOTES mismatch                                                OK
Stage 3: 
    Placeholder                                                                                     Skipped
Stage 4: 
  
  RS1_GlobalAttributes
    Rule: 1.00          Check FILE_NAME attribute must exist                                        OK
    Rule: 1.01          Check FILE_NAME attribute value matches actual Filename                     OK
    Rule: 1.02          Check FILE_FORMAT_VERSION attribute must exist                              OK
    Rule: 1.03          Check END_OF_RECORD_MARKER attribute must exist (may be blank??)            OK
  
  RS2_MetaObjects
    Rule: 2.01          Check METADATA must have ENTRY = field                                      OK
    Rule: 2.02          Check if METADATA VALUE_TYPE provided, ENTRY value must be of type          TODO
    Rule: 2.03          Check REQUIRED VARIABLES (below) XXXXXXXXXX WTF XXXXXXXXXX ???????????      TODO
]]></system-out>
  <system-err><![CDATA[]]></system-err>
</testsuite>
