<?xml version="1.0" encoding="UTF-8"?>
<testsuite name="RuleSet99_Test" tests="2" skipped="0" failures="0" errors="0" timestamp="2015-04-04T00:00:51" hostname="scala" time="0.0">
  <properties/>
  <testcase name="RuleSet99_Test: 01" classname="RuleSet99_Test" time="0.0"/>
  <testcase name="RuleSet99_Test: 02" classname="RuleSet99_Test" time="0.0"/>
  <system-out><![CDATA[]]></system-out>
  <system-err><![CDATA[]]></system-err>
</testsuite>
