<?xml version="1.0" encoding="UTF-8"?>
<testsuite name="CefParser_Tests" tests="16" skipped="0" failures="0" errors="0" timestamp="2015-04-20T22:12:38" hostname="scala" time="0.012">
  <properties/>
  <testcase name="ix:0   ex:CefParserException.Error.NO_ERROR" classname="CefParser_Tests" time="0.001"/>
  <testcase name="ix:10  ex:CefParserException.Error.R_0_00___START_META___META_UNCLOSED" classname="CefParser_Tests" time="0.01"/>
  <testcase name="ix:11  ex:CefParserException.Error.R_0_01___START_META___VARIABLE_UNCLOSED" classname="CefParser_Tests" time="0.0"/>
  <testcase name="ix:12  ex:CefParserException.Error.R_0_02___START_META___NAME_ERROR" classname="CefParser_Tests" time="0.0"/>
  <testcase name="ix:20  ex:CefParserException.Error.R_0_10___END_META___VARIABLE_OPENED" classname="CefParser_Tests" time="0.0"/>
  <testcase name="ix:21  ex:CefParserException.Error.R_0_11___END_META___META_UNOPENED" classname="CefParser_Tests" time="0.0"/>
  <testcase name="ix:22  ex:CefParserException.Error.R_0_12___END_META___NAME_ERROR" classname="CefParser_Tests" time="0.0"/>
  <testcase name="ix:30  ex:CefParserException.Error.R_0_20___START_VARIABLE___VARIABLE_UNCLOSED" classname="CefParser_Tests" time="0.0"/>
  <testcase name="ix:31  ex:CefParserException.Error.R_0_21___START_VARIABLE___META_UNCLOSED" classname="CefParser_Tests" time="0.0"/>
  <testcase name="ix:30  ex:CefParserException.Error.R_0_22___START_VARIABLE___NAME_ERROR" classname="CefParser_Tests" time="0.0"/>
  <testcase name="ix:40  ex:CefParserException.Error.R_0_30___END_VARIABLE___META_OPENED" classname="CefParser_Tests" time="0.0"/>
  <testcase name="ix:41  ex:CefParserException.Error.R_0_31___END_VARIABLE___VARIABLE_UNOPENED" classname="CefParser_Tests" time="0.0"/>
  <testcase name="ix:42  ex:CefParserException.Error.R_0_32___END_VARIABLE___NAME_ERROR" classname="CefParser_Tests" time="0.0"/>
  <testcase name="ix:50    ex:CefParserException.Error.R_0_40___INCLUDE_FILE_DUPLICATE" classname="CefParser_Tests" time="0.0"/>
  <testcase name="ix:51    ex:CefParserException.Error.R_0_41___INCLUDE_FILE_UNFOUND" classname="CefParser_Tests" time="0.0"/>
  <testcase name="ix:52    ex:CefParserException.Error.R_0_42___INCLUDE_FILE_LEVEL_8" classname="CefParser_Tests" time="0.0"/>
  <system-out><![CDATA[]]></system-out>
  <system-err><![CDATA[]]></system-err>
</testsuite>
