<?xml version="1.0" encoding="UTF-8"?>
<testsuite name="CefParser_Tests" tests="6" skipped="0" failures="0" errors="0" timestamp="2015-04-09T22:17:19" hostname="scala" time="0.0">
  <properties/>
  <testcase name="01 CefParser_Tests: test meta matches - no error - eNULL" classname="CefParser_Tests" time="0.0"/>
  <testcase name="02 CefParser_Tests: test variable mismatch" classname="CefParser_Tests" time="0.0"/>
  <testcase name="03 CefParser_Tests: test start_meta - end variable mismatch" classname="CefParser_Tests" time="0.0"/>
  <testcase name="04 CefParser_Tests: test include errors INCLUDE_FILE_DUPLICATE" classname="CefParser_Tests" time="0.0"/>
  <testcase name="05 CefParser_Tests: test include errors INCLUDE_FILE_NOT_FOUND" classname="CefParser_Tests" time="0.0"/>
  <testcase name="06 CefParser_Tests: test include errors INCLUDE_FILE_LEVEL_8" classname="CefParser_Tests" time="0.0"/>
  <system-out><![CDATA[]]></system-out>
  <system-err><![CDATA[]]></system-err>
</testsuite>
