<?xml version="1.0" encoding="UTF-8"?>
<testsuite name="U_CefHeaderXPath_Tests" tests="14" skipped="0" failures="0" errors="0" timestamp="2015-06-16T20:50:36" hostname="scala" time="0.172">
  <properties/>
  <testcase name="01 CefHeaderXPath_Tests: getFilename" classname="U_CefHeaderXPath_Tests" time="0.015"/>
  <testcase name="02 CefHeaderXPath_Tests: getFileFormatVersion" classname="U_CefHeaderXPath_Tests" time="0.016"/>
  <testcase name="03 CefHeaderXPath_Tests: getEndOfRecordMarker" classname="U_CefHeaderXPath_Tests" time="0.0"/>
  <testcase name="04 CefHeaderXPath_Tests: getDataUntil" classname="U_CefHeaderXPath_Tests" time="0.016"/>
  <testcase name="05 CefHeaderXPath_Tests: getLogicalFileId" classname="U_CefHeaderXPath_Tests" time="0.0"/>
  <testcase name="06 CefHeaderXPath_Tests: getVersionNumber" classname="U_CefHeaderXPath_Tests" time="0.015"/>
  <testcase name="07 CefHeaderXPath_Tests: getFileType" classname="U_CefHeaderXPath_Tests" time="0.016"/>
  <testcase name="08 CefHeaderXPath_Tests: getDataSetId" classname="U_CefHeaderXPath_Tests" time="0.0"/>
  <testcase name="09 CefHeaderXPath_Tests: getVersionNumber" classname="U_CefHeaderXPath_Tests" time="0.015"/>
  <testcase name="10 CefHeaderXPath_Tests: getMeta" classname="U_CefHeaderXPath_Tests" time="0.0"/>
  <testcase name="11 CefHeaderXPath_Tests: getMetaList" classname="U_CefHeaderXPath_Tests" time="0.016"/>
  <testcase name="12 CefHeaderXPath_Tests: getMetaEntry" classname="U_CefHeaderXPath_Tests" time="0.0"/>
  <testcase name="13 CefHeaderXPath_Tests: getMetaEntryPair" classname="U_CefHeaderXPath_Tests" time="0.016"/>
  <testcase name="14 CefHeaderXPath_Tests: getMetaPairNames" classname="U_CefHeaderXPath_Tests" time="0.047"/>
  <system-out><![CDATA[]]></system-out>
  <system-err><![CDATA[]]></system-err>
</testsuite>
